# JRE version: OpenJDK Runtime Environment Microsoft-11933218 (21.0.8+9) (build 21.0.8+9-LTS)
# Java VM: OpenJDK 64-Bit Server VM Microsoft-11933218 (21.0.8+9-LTS, mixed mode, sharing, tiered, compressed oops, compressed class ptrs, g1 gc, windows-amd64)
GC Precious Log:
 CardTable entry size: 512
 Card Set container configuration: InlinePtr #cards 5 size 8 Array Of Cards #cards 12 size 40 Howl #buckets 4 coarsen threshold 1843 Howl Bitmap #cards 512 size 80 coarsen threshold 460 Card regions per heap region 1 cards per card region 2048
 CPUs: 4 total, 4 available
 Memory: 3499M
 Large Page Support: Disabled
 NUMA Support: Disabled
 Compressed Oops: Enabled (32-bit)
 Heap Region Size: 1M
 Heap Min Capacity: 256M
 Heap Initial Capacity: 256M
 Heap Max Capacity: 512M
 Pre-touch: Disabled
 Parallel Workers: 4
 Concurrent Workers: 1
 Concurrent Refinement Workers: 4
 Periodic GC: Disabled
Heap:
 garbage-first heap   total 378880K, used 225517K [0x00000000e0000000, 0x0000000100000000)
  region size 1024K, 15 young (15360K), 12 survivors (12288K)
 Metaspace       used 178862K, committed 184832K, reserved 524288K
  class space    used 22897K, committed 24704K, reserved 327680K
GC Heap History (20 events):
Event: 1694.526 GC heap before
{Heap before GC invocations=86 (full 0):
 garbage-first heap   total 378880K, used 349749K [0x00000000e0000000, 0x0000000100000000)
  region size 1024K, 174 young (178176K), 8 survivors (8192K)
 Metaspace       used 182481K, committed 184320K, reserved 524288K
  class space    used 23165K, committed 24064K, reserved 327680K
}
Event: 1694.983 GC heap after
{Heap after GC invocations=87 (full 0):
 garbage-first heap   total 378880K, used 182704K [0x00000000e0000000, 0x0000000100000000)
  region size 1024K, 9 young (9216K), 9 survivors (9216K)
 Metaspace       used 182481K, committed 184320K, reserved 524288K
  class space    used 23165K, committed 24064K, reserved 327680K
}
Event: 1699.005 GC heap before
{Heap before GC invocations=87 (full 0):
 garbage-first heap   total 378880K, used 247216K [0x00000000e0000000, 0x0000000100000000)
  region size 1024K, 73 young (74752K), 9 survivors (9216K)
 Metaspace       used 182577K, committed 184448K, reserved 524288K
  class space    used 23168K, committed 24064K, reserved 327680K
}
Event: 1699.096 GC heap after
{Heap after GC invocations=88 (full 0):
 garbage-first heap   total 378880K, used 186944K [0x00000000e0000000, 0x0000000100000000)
  region size 1024K, 5 young (5120K), 5 survivors (5120K)
 Metaspace       used 182577K, committed 184448K, reserved 524288K
  class space    used 23168K, committed 24064K, reserved 327680K
}
Event: 1739.105 GC heap before
{Heap before GC invocations=88 (full 0):
 garbage-first heap   total 378880K, used 353856K [0x00000000e0000000, 0x0000000100000000)
  region size 1024K, 168 young (172032K), 5 survivors (5120K)
 Metaspace       used 184622K, committed 186688K, reserved 524288K
  class space    used 23455K, committed 24448K, reserved 327680K
}
Event: 1739.168 GC heap after
{Heap after GC invocations=89 (full 0):
 garbage-first heap   total 378880K, used 196418K [0x00000000e0000000, 0x0000000100000000)
  region size 1024K, 14 young (14336K), 14 survivors (14336K)
 Metaspace       used 184622K, committed 186688K, reserved 524288K
  class space    used 23455K, committed 24448K, reserved 327680K
}
Event: 1740.242 GC heap before
{Heap before GC invocations=89 (full 0):
 garbage-first heap   total 378880K, used 261954K [0x00000000e0000000, 0x0000000100000000)
  region size 1024K, 78 young (79872K), 14 survivors (14336K)
 Metaspace       used 184855K, committed 186944K, reserved 524288K
  class space    used 23495K, committed 24448K, reserved 327680K
}
Event: 1740.310 GC heap after
{Heap after GC invocations=90 (full 0):
 garbage-first heap   total 378880K, used 201604K [0x00000000e0000000, 0x0000000100000000)
  region size 1024K, 5 young (5120K), 5 survivors (5120K)
 Metaspace       used 184855K, committed 186944K, reserved 524288K
  class space    used 23495K, committed 24448K, reserved 327680K
}
Event: 1743.127 GC heap before
{Heap before GC invocations=90 (full 0):
 garbage-first heap   total 378880K, used 353156K [0x00000000e0000000, 0x0000000100000000)
  region size 1024K, 154 young (157696K), 5 survivors (5120K)
 Metaspace       used 187185K, committed 189312K, reserved 524288K
  class space    used 23779K, committed 24768K, reserved 327680K
}
Event: 1743.150 GC heap after
{Heap after GC invocations=91 (full 0):
 garbage-first heap   total 378880K, used 211332K [0x00000000e0000000, 0x0000000100000000)
  region size 1024K, 15 young (15360K), 15 survivors (15360K)
 Metaspace       used 187185K, committed 189312K, reserved 524288K
  class space    used 23779K, committed 24768K, reserved 327680K
}
Event: 1815.631 GC heap before
{Heap before GC invocations=92 (full 0):
 garbage-first heap   total 378880K, used 342404K [0x00000000e0000000, 0x0000000100000000)
  region size 1024K, 144 young (147456K), 15 survivors (15360K)
 Metaspace       used 181626K, committed 185792K, reserved 524288K
  class space    used 23249K, committed 24768K, reserved 327680K
}
Event: 1815.791 GC heap after
{Heap after GC invocations=93 (full 0):
 garbage-first heap   total 378880K, used 220672K [0x00000000e0000000, 0x0000000100000000)
  region size 1024K, 11 young (11264K), 11 survivors (11264K)
 Metaspace       used 181626K, committed 185792K, reserved 524288K
  class space    used 23249K, committed 24768K, reserved 327680K
}
Event: 1829.554 GC heap before
{Heap before GC invocations=93 (full 0):
 garbage-first heap   total 378880K, used 347648K [0x00000000e0000000, 0x0000000100000000)
  region size 1024K, 135 young (138240K), 11 survivors (11264K)
 Metaspace       used 181995K, committed 185792K, reserved 524288K
  class space    used 23288K, committed 24768K, reserved 327680K
}
Event: 1829.613 GC heap after
{Heap after GC invocations=94 (full 0):
 garbage-first heap   total 378880K, used 220160K [0x00000000e0000000, 0x0000000100000000)
  region size 1024K, 8 young (8192K), 8 survivors (8192K)
 Metaspace       used 181995K, committed 185792K, reserved 524288K
  class space    used 23288K, committed 24768K, reserved 327680K
}
Event: 1856.042 GC heap before
{Heap before GC invocations=94 (full 0):
 garbage-first heap   total 378880K, used 351232K [0x00000000e0000000, 0x0000000100000000)
  region size 1024K, 136 young (139264K), 8 survivors (8192K)
 Metaspace       used 182196K, committed 185792K, reserved 524288K
  class space    used 23303K, committed 24768K, reserved 327680K
}
Event: 1856.185 GC heap after
{Heap after GC invocations=95 (full 0):
 garbage-first heap   total 378880K, used 220424K [0x00000000e0000000, 0x0000000100000000)
  region size 1024K, 13 young (13312K), 13 survivors (13312K)
 Metaspace       used 182196K, committed 185792K, reserved 524288K
  class space    used 23303K, committed 24768K, reserved 327680K
}
Event: 1968.243 GC heap before
{Heap before GC invocations=95 (full 0):
 garbage-first heap   total 378880K, used 344328K [0x00000000e0000000, 0x0000000100000000)
  region size 1024K, 135 young (138240K), 13 survivors (13312K)
 Metaspace       used 182331K, committed 185792K, reserved 524288K
  class space    used 23310K, committed 24768K, reserved 327680K
}
Event: 1968.502 GC heap after
{Heap after GC invocations=96 (full 0):
 garbage-first heap   total 378880K, used 221933K [0x00000000e0000000, 0x0000000100000000)
  region size 1024K, 9 young (9216K), 9 survivors (9216K)
 Metaspace       used 182331K, committed 185792K, reserved 524288K
  class space    used 23310K, committed 24768K, reserved 327680K
}
Event: 1977.823 GC heap before
{Heap before GC invocations=97 (full 0):
 garbage-first heap   total 378880K, used 345837K [0x00000000e0000000, 0x0000000100000000)
  region size 1024K, 133 young (136192K), 9 survivors (9216K)
 Metaspace       used 178805K, committed 184832K, reserved 524288K
  class space    used 22888K, committed 24704K, reserved 327680K
}
Event: 1977.866 GC heap after
{Heap after GC invocations=98 (full 0):
 garbage-first heap   total 378880K, used 223469K [0x00000000e0000000, 0x0000000100000000)
  region size 1024K, 12 young (12288K), 12 survivors (12288K)
 Metaspace       used 178805K, committed 184832K, reserved 524288K
  class space    used 22888K, committed 24704K, reserved 327680K
}

