# JRE version: Java(TM) SE Runtime Environment (24.0.2+12) (build 24.0.2+12-54)
# Java VM: Java HotSpot(TM) 64-Bit Server VM (24.0.2+12-54, mixed mode, sharing, tiered, compressed oops, compressed class ptrs, g1 gc, windows-amd64)
GC Precious Log:
 CardTable entry size: 512
 Card Set container configuration: InlinePtr #cards 5 size 8 Array Of Cards #cards 10 size 36 Howl #buckets 4 coarsen threshold 1843 Howl Bitmap #cards 512 size 80 coarsen threshold 460 Card regions per heap region 1 cards per card region 2048
 CPUs: 4 total, 4 available
 Memory: 3499M
 Large Page Support: Disabled
 NUMA Support: Disabled
 Compressed Oops: Enabled (32-bit)
 Heap Region Size: 1M
 Heap Min Capacity: 8M
 Heap Initial Capacity: 56M
 Heap Max Capacity: 876M
 Pre-touch: Disabled
 Parallel Workers: 4
 Concurrent Workers: 1
 Concurrent Refinement Workers: 4
 Periodic GC: Disabled
Heap:
 garbage-first heap   total reserved 897024K, committed 140288K, used 80597K [0x00000000c9400000, 0x0000000100000000)
  region size 1024K, 6 young (6144K), 6 survivors (6144K)
 Metaspace       used 66475K, committed 66944K, reserved 1114112K
  class space    used 6303K, committed 6528K, reserved 1048576K
GC Heap History (20 events):
Event: 25.481 GC heap after
{Heap after GC invocations=38 (full 0):
 garbage-first heap   total reserved 897024K, committed 101376K, used 60333K [0x00000000c9400000, 0x0000000100000000)
  region size 1024K, 3 young (3072K), 3 survivors (3072K)
 Metaspace       used 52840K, committed 53312K, reserved 1114112K
  class space    used 5016K, committed 5184K, reserved 1048576K
}
Event: 25.918 GC heap before
{Heap before GC invocations=38 (full 0):
 garbage-first heap   total reserved 897024K, committed 101376K, used 90029K [0x00000000c9400000, 0x0000000100000000)
  region size 1024K, 33 young (33792K), 3 survivors (3072K)
 Metaspace       used 54593K, committed 55040K, reserved 1114112K
  class space    used 5146K, committed 5312K, reserved 1048576K
}
Event: 25.926 GC heap after
{Heap after GC invocations=39 (full 0):
 garbage-first heap   total reserved 897024K, committed 101376K, used 61235K [0x00000000c9400000, 0x0000000100000000)
  region size 1024K, 4 young (4096K), 4 survivors (4096K)
 Metaspace       used 54593K, committed 55040K, reserved 1114112K
  class space    used 5146K, committed 5312K, reserved 1048576K
}
Event: 26.229 GC heap before
{Heap before GC invocations=39 (full 0):
 garbage-first heap   total reserved 897024K, committed 101376K, used 89907K [0x00000000c9400000, 0x0000000100000000)
  region size 1024K, 32 young (32768K), 4 survivors (4096K)
 Metaspace       used 55738K, committed 56128K, reserved 1114112K
  class space    used 5295K, committed 5440K, reserved 1048576K
}
Event: 26.237 GC heap after
{Heap after GC invocations=40 (full 0):
 garbage-first heap   total reserved 897024K, committed 101376K, used 65042K [0x00000000c9400000, 0x0000000100000000)
  region size 1024K, 4 young (4096K), 4 survivors (4096K)
 Metaspace       used 55738K, committed 56128K, reserved 1114112K
  class space    used 5295K, committed 5440K, reserved 1048576K
}
Event: 26.618 GC heap before
{Heap before GC invocations=41 (full 0):
 garbage-first heap   total reserved 897024K, committed 109568K, used 90642K [0x00000000c9400000, 0x0000000100000000)
  region size 1024K, 29 young (29696K), 4 survivors (4096K)
 Metaspace       used 58213K, committed 58688K, reserved 1114112K
  class space    used 5644K, committed 5888K, reserved 1048576K
}
Event: 26.624 GC heap after
{Heap after GC invocations=42 (full 0):
 garbage-first heap   total reserved 897024K, committed 109568K, used 66822K [0x00000000c9400000, 0x0000000100000000)
  region size 1024K, 3 young (3072K), 3 survivors (3072K)
 Metaspace       used 58213K, committed 58688K, reserved 1114112K
  class space    used 5644K, committed 5888K, reserved 1048576K
}
Event: 27.045 GC heap before
{Heap before GC invocations=42 (full 0):
 garbage-first heap   total reserved 897024K, committed 109568K, used 99590K [0x00000000c9400000, 0x0000000100000000)
  region size 1024K, 34 young (34816K), 3 survivors (3072K)
 Metaspace       used 59369K, committed 59840K, reserved 1114112K
  class space    used 5702K, committed 5952K, reserved 1048576K
}
Event: 27.058 GC heap after
{Heap after GC invocations=43 (full 0):
 garbage-first heap   total reserved 897024K, committed 111616K, used 74704K [0x00000000c9400000, 0x0000000100000000)
  region size 1024K, 5 young (5120K), 5 survivors (5120K)
 Metaspace       used 59369K, committed 59840K, reserved 1114112K
  class space    used 5702K, committed 5952K, reserved 1048576K
}
Event: 27.096 GC heap before
{Heap before GC invocations=43 (full 0):
 garbage-first heap   total reserved 897024K, committed 111616K, used 86992K [0x00000000c9400000, 0x0000000100000000)
  region size 1024K, 18 young (18432K), 5 survivors (5120K)
 Metaspace       used 59370K, committed 59840K, reserved 1114112K
  class space    used 5702K, committed 5952K, reserved 1048576K
}
Event: 27.111 GC heap after
{Heap after GC invocations=44 (full 0):
 garbage-first heap   total reserved 897024K, committed 111616K, used 82935K [0x00000000c9400000, 0x0000000100000000)
  region size 1024K, 4 young (4096K), 4 survivors (4096K)
 Metaspace       used 59370K, committed 59840K, reserved 1114112K
  class space    used 5702K, committed 5952K, reserved 1048576K
}
Event: 27.311 GC heap before
{Heap before GC invocations=45 (full 0):
 garbage-first heap   total reserved 897024K, committed 140288K, used 98295K [0x00000000c9400000, 0x0000000100000000)
  region size 1024K, 18 young (18432K), 4 survivors (4096K)
 Metaspace       used 60597K, committed 61056K, reserved 1114112K
  class space    used 5747K, committed 5952K, reserved 1048576K
}
Event: 27.318 GC heap after
{Heap after GC invocations=46 (full 0):
 garbage-first heap   total reserved 897024K, committed 140288K, used 82813K [0x00000000c9400000, 0x0000000100000000)
  region size 1024K, 2 young (2048K), 2 survivors (2048K)
 Metaspace       used 60597K, committed 61056K, reserved 1114112K
  class space    used 5747K, committed 5952K, reserved 1048576K
}
Event: 27.675 GC heap before
{Heap before GC invocations=46 (full 0):
 garbage-first heap   total reserved 897024K, committed 140288K, used 114557K [0x00000000c9400000, 0x0000000100000000)
  region size 1024K, 34 young (34816K), 2 survivors (2048K)
 Metaspace       used 61901K, committed 62336K, reserved 1114112K
  class space    used 5845K, committed 6080K, reserved 1048576K
}
Event: 27.680 GC heap after
{Heap after GC invocations=47 (full 0):
 garbage-first heap   total reserved 897024K, committed 140288K, used 82584K [0x00000000c9400000, 0x0000000100000000)
  region size 1024K, 2 young (2048K), 2 survivors (2048K)
 Metaspace       used 61901K, committed 62336K, reserved 1114112K
  class space    used 5845K, committed 6080K, reserved 1048576K
}
Event: 27.909 GC heap before
{Heap before GC invocations=47 (full 0):
 garbage-first heap   total reserved 897024K, committed 140288K, used 112280K [0x00000000c9400000, 0x0000000100000000)
  region size 1024K, 32 young (32768K), 2 survivors (2048K)
 Metaspace       used 63187K, committed 63744K, reserved 1114112K
  class space    used 5954K, committed 6208K, reserved 1048576K
}
Event: 27.916 GC heap after
{Heap after GC invocations=48 (full 0):
 garbage-first heap   total reserved 897024K, committed 140288K, used 85014K [0x00000000c9400000, 0x0000000100000000)
  region size 1024K, 5 young (5120K), 5 survivors (5120K)
 Metaspace       used 63187K, committed 63744K, reserved 1114112K
  class space    used 5954K, committed 6208K, reserved 1048576K
}
Event: 28.252 GC heap before
{Heap before GC invocations=49 (full 0):
 garbage-first heap   total reserved 897024K, committed 140288K, used 114710K [0x00000000c9400000, 0x0000000100000000)
  region size 1024K, 40 young (40960K), 5 survivors (5120K)
 Metaspace       used 64691K, committed 65216K, reserved 1114112K
  class space    used 6103K, committed 6336K, reserved 1048576K
}
Event: 28.259 GC heap after
{Heap after GC invocations=50 (full 0):
 garbage-first heap   total reserved 897024K, committed 140288K, used 81433K [0x00000000c9400000, 0x0000000100000000)
  region size 1024K, 5 young (5120K), 5 survivors (5120K)
 Metaspace       used 64691K, committed 65216K, reserved 1114112K
  class space    used 6103K, committed 6336K, reserved 1048576K
}
Event: 29.324 GC heap before
{Heap before GC invocations=50 (full 0):
 garbage-first heap   total reserved 897024K, committed 140288K, used 120345K [0x00000000c9400000, 0x0000000100000000)
  region size 1024K, 43 young (44032K), 5 survivors (5120K)
 Metaspace       used 66475K, committed 66944K, reserved 1114112K
  class space    used 6303K, committed 6528K, reserved 1048576K
}

